#
# There is insufficient memory for the Java Runtime Environment to continue.
# Native memory allocation (malloc) failed to allocate 1515488 bytes for Chunk::new
# Possible reasons:
#   The system is out of physical RAM or swap space
#   In 32 bit mode, the process size limit was hit
# Possible solutions:
#   Reduce memory load on the system
#   Increase physical memory or swap space
#   Check if swap backing store is full
#   Use 64 bit Java on a 64 bit OS
#   Decrease Java heap size (-Xmx/-Xms)
#   Decrease number of Java threads
#   Decrease Java thread stack sizes (-Xss)
#   Set larger code cache with -XX:ReservedCodeCacheSize=
# This output file may be truncated or incomplete.
#
#  Out of Memory Error (allocation.cpp:390), pid=22092, tid=0x00000000000066a0
#
# JRE version: OpenJDK Runtime Environment (8.0_152-b02) (build 1.8.0_152-release-1024-b02)
# Java VM: OpenJDK 64-Bit Server VM (25.152-b02 mixed mode windows-amd64 compressed oops)
# Failed to write core dump. Minidumps are not enabled by default on client versions of Windows
#

---------------  T H R E A D  ---------------

Current thread (0x00000000174de800):  JavaThread "C2 CompilerThread1" daemon [_thread_in_native, id=26272, stack(0x0000000017da0000,0x0000000017ea0000)]

Stack: [0x0000000017da0000,0x0000000017ea0000]
[error occurred during error reporting (printing stack bounds), id 0xc0000005]

Native frames: (J=compiled Java code, j=interpreted, Vv=VM code, C=native code)


Current CompileTask:
C2:   4154 3486       4       com.sun.beans.TypeResolver::resolve (37 bytes)


---------------  P R O C E S S  ---------------

Java Threads: ( => current thread )
  0x000000001b661000 
[error occurred during error reporting (printing all threads), id 0xc0000005]

VM state:not at safepoint (normal execution)

VM Mutex/Monitor currently owned by a thread: None

Heap:
 PSYoungGen      total 124928K, used 2299K [0x00000000eab00000, 0x00000000f6880000, 0x0000000100000000)
  eden space 111616K, 2% used [0x00000000eab00000,0x00000000ead3ed10,0x00000000f1800000)
  from space 13312K, 0% used [0x00000000f1800000,0x00000000f1800000,0x00000000f2500000)
  to   space 13824K, 0% used [0x00000000f5b00000,0x00000000f5b00000,0x00000000f6880000)
 ParOldGen       total 143360K, used 19631K [0x00000000c0000000, 0x00000000c8c00000, 0x00000000eab00000)
  object space 143360K, 13% used [0x00000000c0000000,0x00000000c132bd68,0x00000000c8c00000)
 Metaspace       used 35145K, capacity 35860K, committed 36224K, reserved 1081344K
  class space    used 4748K, capacity 4910K, committed 4992K, reserved 1048576K

Card table byte_map: [0x0000000011e70000,0x0000000012080000] byte_map_base: 0x0000000011870000

Marking Bits: (ParMarkBitMap*) 0x0000000075df4970
 Begin Bits: [0x00000000129e0000, 0x00000000139e0000)
 End Bits:   [0x00000000139e0000, 0x00000000149e0000)

Polling page: 0x00000000005e0000

CodeCache: size=245760Kb used=13606Kb max_used=13606Kb free=232154Kb
 bounds [0x0000000002ab0000, 0x0000000003810000, 0x0000000011ab0000]
 total_blobs=4310 nmethods=3639 adapters=584
 compilation: enabled

Compilation events (10 events):
Event: 4.105 Thread 0x00000000174e4000 3610       3       com.sun.xml.internal.bind.v2.model.annotation.RuntimeInlineAnnotationReader::hasClassAnnotation (10 bytes)
Event: 4.106 Thread 0x00000000174e4000 nmethod 3610 0x00000000037e6b50 code [0x00000000037e6d20, 0x00000000037e75a8]
Event: 4.106 Thread 0x00000000174e4000 3611       3       com.sun.xml.internal.bind.v2.model.annotation.RuntimeInlineAnnotationReader::hasClassAnnotation (6 bytes)
Event: 4.106 Thread 0x00000000174e4000 nmethod 3611 0x00000000037e7ad0 code [0x00000000037e7ca0, 0x00000000037e8348]
Event: 4.106 Thread 0x00000000174e4000 3612       3       com.sun.xml.internal.bind.v2.model.nav.ReflectionNavigator::getSuperClass (9 bytes)
Event: 4.106 Thread 0x00000000174e4000 nmethod 3612 0x00000000037e8750 code [0x00000000037e88e0, 0x00000000037e8d48]
Event: 4.107 Thread 0x00000000174e4000 3613       3       com.sun.xml.internal.bind.v2.model.nav.ReflectionNavigator::use (9 bytes)
Event: 4.107 Thread 0x00000000174e4000 nmethod 3613 0x00000000037e8e90 code [0x00000000037e9000, 0x00000000037e9310]
Event: 4.107 Thread 0x00000000174e4000 3614       3       com.sun.xml.internal.bind.v2.model.nav.ReflectionNavigator::use (2 bytes)
Event: 4.107 Thread 0x00000000174e4000 nmethod 3614 0x00000000037e93d0 code [0x00000000037e9520, 0x00000000037e9670]

GC Heap History (10 events):
Event: 1.986 GC heap after
Heap after GC invocations=2 (full 0):
 PSYoungGen      total 95744K, used 11372K [0x00000000eab00000, 0x00000000f1580000, 0x0000000100000000)
  eden space 82432K, 0% used [0x00000000eab00000,0x00000000eab00000,0x00000000efb80000)
  from space 13312K, 85% used [0x00000000f0880000,0x00000000f139b3f8,0x00000000f1580000)
  to   space 13312K, 0% used [0x00000000efb80000,0x00000000efb80000,0x00000000f0880000)
 ParOldGen       total 218624K, used 24K [0x00000000c0000000, 0x00000000cd580000, 0x00000000eab00000)
  object space 218624K, 0% used [0x00000000c0000000,0x00000000c0006000,0x00000000cd580000)
 Metaspace       used 20887K, capacity 21212K, committed 21296K, reserved 1067008K
  class space    used 2781K, capacity 2913K, committed 2944K, reserved 1048576K
}
Event: 1.986 GC heap before
{Heap before GC invocations=3 (full 1):
 PSYoungGen      total 95744K, used 11372K [0x00000000eab00000, 0x00000000f1580000, 0x0000000100000000)
  eden space 82432K, 0% used [0x00000000eab00000,0x00000000eab00000,0x00000000efb80000)
  from space 13312K, 85% used [0x00000000f0880000,0x00000000f139b3f8,0x00000000f1580000)
  to   space 13312K, 0% used [0x00000000efb80000,0x00000000efb80000,0x00000000f0880000)
 ParOldGen       total 218624K, used 24K [0x00000000c0000000, 0x00000000cd580000, 0x00000000eab00000)
  object space 218624K, 0% used [0x00000000c0000000,0x00000000c0006000,0x00000000cd580000)
 Metaspace       used 20887K, capacity 21212K, committed 21296K, reserved 1067008K
  class space    used 2781K, capacity 2913K, committed 2944K, reserved 1048576K
Event: 2.022 GC heap after
Heap after GC invocations=3 (full 1):
 PSYoungGen      total 95744K, used 0K [0x00000000eab00000, 0x00000000f1580000, 0x0000000100000000)
  eden space 82432K, 0% used [0x00000000eab00000,0x00000000eab00000,0x00000000efb80000)
  from space 13312K, 0% used [0x00000000f0880000,0x00000000f0880000,0x00000000f1580000)
  to   space 13312K, 0% used [0x00000000efb80000,0x00000000efb80000,0x00000000f0880000)
 ParOldGen       total 143360K, used 10973K [0x00000000c0000000, 0x00000000c8c00000, 0x00000000eab00000)
  object space 143360K, 7% used [0x00000000c0000000,0x00000000c0ab7408,0x00000000c8c00000)
 Metaspace       used 20887K, capacity 21212K, committed 21296K, reserved 1067008K
  class space    used 2781K, capacity 2913K, committed 2944K, reserved 1048576K
}
Event: 3.193 GC heap before
{Heap before GC invocations=4 (full 1):
 PSYoungGen      total 95744K, used 82432K [0x00000000eab00000, 0x00000000f1580000, 0x0000000100000000)
  eden space 82432K, 100% used [0x00000000eab00000,0x00000000efb80000,0x00000000efb80000)
  from space 13312K, 0% used [0x00000000f0880000,0x00000000f0880000,0x00000000f1580000)
  to   space 13312K, 0% used [0x00000000efb80000,0x00000000efb80000,0x00000000f0880000)
 ParOldGen       total 143360K, used 10973K [0x00000000c0000000, 0x00000000c8c00000, 0x00000000eab00000)
  object space 143360K, 7% used [0x00000000c0000000,0x00000000c0ab7408,0x00000000c8c00000)
 Metaspace       used 27146K, capacity 27654K, committed 27904K, reserved 1073152K
  class space    used 3644K, capacity 3821K, committed 3840K, reserved 1048576K
Event: 3.199 GC heap after
Heap after GC invocations=4 (full 1):
 PSYoungGen      total 95744K, used 8653K [0x00000000eab00000, 0x00000000f3200000, 0x0000000100000000)
  eden space 82432K, 0% used [0x00000000eab00000,0x00000000eab00000,0x00000000efb80000)
  from space 13312K, 65% used [0x00000000efb80000,0x00000000f03f3598,0x00000000f0880000)
  to   space 13312K, 0% used [0x00000000f2500000,0x00000000f2500000,0x00000000f3200000)
 ParOldGen       total 143360K, used 11045K [0x00000000c0000000, 0x00000000c8c00000, 0x00000000eab00000)
  object space 143360K, 7% used [0x00000000c0000000,0x00000000c0ac9418,0x00000000c8c00000)
 Metaspace       used 27146K, capacity 27654K, committed 27904K, reserved 1073152K
  class space    used 3644K, capacity 3821K, committed 3840K, reserved 1048576K
}
Event: 3.796 GC heap before
{Heap before GC invocations=5 (full 1):
 PSYoungGen      total 95744K, used 91085K [0x00000000eab00000, 0x00000000f3200000, 0x0000000100000000)
  eden space 82432K, 100% used [0x00000000eab00000,0x00000000efb80000,0x00000000efb80000)
  from space 13312K, 65% used [0x00000000efb80000,0x00000000f03f3598,0x00000000f0880000)
  to   space 13312K, 0% used [0x00000000f2500000,0x00000000f2500000,0x00000000f3200000)
 ParOldGen       total 143360K, used 11045K [0x00000000c0000000, 0x00000000c8c00000, 0x00000000eab00000)
  object space 143360K, 7% used [0x00000000c0000000,0x00000000c0ac9418,0x00000000c8c00000)
 Metaspace       used 32304K, capacity 32784K, committed 33152K, reserved 1077248K
  class space    used 4293K, capacity 4437K, committed 4480K, reserved 1048576K
Event: 3.806 GC heap after
Heap after GC invocations=5 (full 1):
 PSYoungGen      total 124928K, used 12192K [0x00000000eab00000, 0x00000000f3500000, 0x0000000100000000)
  eden space 111616K, 0% used [0x00000000eab00000,0x00000000eab00000,0x00000000f1800000)
  from space 13312K, 91% used [0x00000000f2500000,0x00000000f30e8088,0x00000000f3200000)
  to   space 13312K, 0% used [0x00000000f1800000,0x00000000f1800000,0x00000000f2500000)
 ParOldGen       total 143360K, used 11053K [0x00000000c0000000, 0x00000000c8c00000, 0x00000000eab00000)
  object space 143360K, 7% used [0x00000000c0000000,0x00000000c0acb418,0x00000000c8c00000)
 Metaspace       used 32304K, capacity 32784K, committed 33152K, reserved 1077248K
  class space    used 4293K, capacity 4437K, committed 4480K, reserved 1048576K
}
Event: 4.108 GC heap before
{Heap before GC invocations=6 (full 1):
 PSYoungGen      total 124928K, used 44379K [0x00000000eab00000, 0x00000000f3500000, 0x0000000100000000)
  eden space 111616K, 28% used [0x00000000eab00000,0x00000000eca6ec88,0x00000000f1800000)
  from space 13312K, 91% used [0x00000000f2500000,0x00000000f30e8088,0x00000000f3200000)
  to   space 13312K, 0% used [0x00000000f1800000,0x00000000f1800000,0x00000000f2500000)
 ParOldGen       total 143360K, used 11053K [0x00000000c0000000, 0x00000000c8c00000, 0x00000000eab00000)
  object space 143360K, 7% used [0x00000000c0000000,0x00000000c0acb418,0x00000000c8c00000)
 Metaspace       used 34720K, capacity 35388K, committed 35496K, reserved 1079296K
  class space    used 4676K, capacity 4842K, committed 4864K, reserved 1048576K
Event: 4.119 GC heap after
Heap after GC invocations=6 (full 1):
 PSYoungGen      total 124928K, used 12343K [0x00000000eab00000, 0x00000000f6880000, 0x0000000100000000)
  eden space 111616K, 0% used [0x00000000eab00000,0x00000000eab00000,0x00000000f1800000)
  from space 13312K, 92% used [0x00000000f1800000,0x00000000f240df60,0x00000000f2500000)
  to   space 13824K, 0% used [0x00000000f5b00000,0x00000000f5b00000,0x00000000f6880000)
 ParOldGen       total 143360K, used 11061K [0x00000000c0000000, 0x00000000c8c00000, 0x00000000eab00000)
  object space 143360K, 7% used [0x00000000c0000000,0x00000000c0acd418,0x00000000c8c00000)
 Metaspace       used 34720K, capacity 35388K, committed 35496K, reserved 1079296K
  class space    used 4676K, capacity 4842K, committed 4864K, reserved 1048576K
}
Event: 4.119 GC heap before
{Heap before GC invocations=7 (full 2):
 PSYoungGen      total 124928K, used 12343K [0x00000000eab00000, 0x00000000f6880000, 0x0000000100000000)
  eden space 111616K, 0% used [0x00000000eab00000,0x00000000eab00000,0x00000000f1800000)
  from space 13312K, 92% used [0x00000000f1800000,0x00000000f240df60,0x00000000f2500000)
  to   space 13824K, 0% used [0x00000000f5b00000,0x00000000f5b00000,0x00000000f6880000)
 ParOldGen       total 143360K, used 11061K [0x00000000c0000000, 0x00000000c8c00000, 0x00000000eab00000)
  object space 143360K, 7% used [0x00000000c0000000,0x00000000c0acd418,0x00000000c8c00000)
 Metaspace       used 34720K, capacity 35388K, committed 35496K, reserved 1079296K
  class space    used 4676K, capacity 4842K, committed 4864K, reserved 1048576K

Deoptimization events (10 events):
Event: 3.809 Thread 0x0000000019256800 Uncommon trap: reason=unstable_if action=reinterpret pc=0x00000000033f32c4 method=java.util.LinkedHashMap.get(Ljava/lang/Object;)Ljava/lang/Object; @ 20
Event: 3.827 Thread 0x0000000019256800 Uncommon trap: reason=class_check action=maybe_recompile pc=0x0000000003416804 method=sun.security.provider.DigestBase.engineUpdate([BII)V @ 128
Event: 3.828 Thread 0x0000000019256800 Uncommon trap: reason=class_check action=maybe_recompile pc=0x0000000003416804 method=sun.security.provider.DigestBase.engineUpdate([BII)V @ 128
Event: 3.878 Thread 0x0000000019256800 Uncommon trap: reason=unstable_if action=reinterpret pc=0x00000000034a18fc method=org.codehaus.groovy.reflection.CachedMethod.compareToMethod(Ljava/lang/reflect/Method;)I @ 111
Event: 3.894 Thread 0x0000000019256800 Uncommon trap: reason=bimorphic action=maybe_recompile pc=0x00000000036d7500 method=java.util.regex.Pattern$Curly.match(Ljava/util/regex/Matcher;ILjava/lang/CharSequence;)Z @ 19
Event: 3.942 Thread 0x0000000019256800 Uncommon trap: reason=unstable_if action=reinterpret pc=0x00000000034f02b8 method=java.util.WeakHashMap.put(Ljava/lang/Object;Ljava/lang/Object;)Ljava/lang/Object; @ 59
Event: 4.067 Thread 0x0000000019256800 Uncommon trap: reason=bimorphic action=maybe_recompile pc=0x000000000373abfc method=java.util.AbstractList$Itr.next()Ljava/lang/Object; @ 14
Event: 4.072 Thread 0x0000000019256800 Uncommon trap: reason=bimorphic action=maybe_recompile pc=0x000000000373abfc method=java.util.AbstractList$Itr.next()Ljava/lang/Object; @ 14
Event: 4.072 Thread 0x0000000019256800 Uncommon trap: reason=bimorphic action=maybe_recompile pc=0x000000000373abfc method=java.util.AbstractList$Itr.next()Ljava/lang/Object; @ 14
Event: 4.078 Thread 0x0000000019256800 Uncommon trap: reason=bimorphic action=maybe_recompile pc=0x000000000373abfc method=java.util.AbstractList$Itr.next()Ljava/lang/Object; @ 14

Classes redefined (0 events):
No events

Internal exceptions (10 events):
Event: 3.946 Thread 0x0000000019256800 Exception <a 'java/lang/ClassNotFoundException': org/gradle/api/NamedDomainObjectCollectionBeanInfo> (0x00000000ebed1710) thrown at [D:\src\AOSP-openjdk-cygwin\jdk8u\hotspot\src\share\vm\classfile\systemDictionary.cpp, line 210]
Event: 3.946 Thread 0x0000000019256800 Exception <a 'java/lang/ClassNotFoundException': org/gradle/api/NamedDomainObjectCollectionCustomizer> (0x00000000ebef8880) thrown at [D:\src\AOSP-openjdk-cygwin\jdk8u\hotspot\src\share\vm\classfile\systemDictionary.cpp, line 210]
Event: 3.948 Thread 0x0000000019256800 Exception <a 'java/lang/ClassNotFoundException': org/gradle/api/NamedDomainObjectSetBeanInfo> (0x00000000ebf41638) thrown at [D:\src\AOSP-openjdk-cygwin\jdk8u\hotspot\src\share\vm\classfile\systemDictionary.cpp, line 210]
Event: 3.948 Thread 0x0000000019256800 Exception <a 'java/lang/ClassNotFoundException': org/gradle/api/NamedDomainObjectSetCustomizer> (0x00000000ebf65b10) thrown at [D:\src\AOSP-openjdk-cygwin\jdk8u\hotspot\src\share\vm\classfile\systemDictionary.cpp, line 210]
Event: 3.949 Thread 0x0000000019256800 Exception <a 'java/lang/ClassNotFoundException': java/util/SetBeanInfo> (0x00000000ebf848b8) thrown at [D:\src\AOSP-openjdk-cygwin\jdk8u\hotspot\src\share\vm\classfile\systemDictionary.cpp, line 210]
Event: 3.949 Thread 0x0000000019256800 Exception <a 'java/lang/ClassNotFoundException': java/util/SetCustomizer> (0x00000000ebf8c600) thrown at [D:\src\AOSP-openjdk-cygwin\jdk8u\hotspot\src\share\vm\classfile\systemDictionary.cpp, line 210]
Event: 3.951 Thread 0x0000000019256800 Exception <a 'java/lang/ClassNotFoundException': org/gradle/api/NamedDomainObjectContainerBeanInfo> (0x00000000ebfce828) thrown at [D:\src\AOSP-openjdk-cygwin\jdk8u\hotspot\src\share\vm\classfile\systemDictionary.cpp, line 210]
Event: 3.951 Thread 0x0000000019256800 Exception <a 'java/lang/ClassNotFoundException': org/gradle/api/NamedDomainObjectContainerCustomizer> (0x00000000ebff5990) thrown at [D:\src\AOSP-openjdk-cygwin\jdk8u\hotspot\src\share\vm\classfile\systemDictionary.cpp, line 210]
Event: 4.036 Thread 0x0000000019256800 Exception <a 'java/lang/ClassNotFoundException': com/sun/org/glassfish/hk2/osgiresourcelocator/ServiceLoader> (0x00000000ec72ad78) thrown at [D:\src\AOSP-openjdk-cygwin\jdk8u\hotspot\src\share\vm\classfile\systemDictionary.cpp, line 210]
Event: 4.043 Thread 0x0000000019256800 Exception <a 'java/lang/NullPointerException'> (0x00000000ec75f900) thrown at [D:\src\AOSP-openjdk-cygwin\jdk8u\hotspot\src\share\vm\interpreter\linkResolver.cpp, line 1301]

Events (10 events):
Event: 4.106 loading class com/sun/xml/internal/bind/v2/util/FlattenIterator done
Event: 4.106 loading class com/sun/xml/internal/bind/v2/model/impl/RuntimeModelBuilder$IDTransducerImpl
Event: 4.107 loading class com/sun/xml/internal/bind/v2/runtime/FilterTransducer
Event: 4.107 loading class com/sun/xml/internal/bind/v2/runtime/FilterTransducer done
Event: 4.107 loading class com/sun/xml/internal/bind/v2/model/impl/RuntimeModelBuilder$IDTransducerImpl done
Event: 4.107 loading class com/sun/xml/internal/bind/v2/runtime/SchemaTypeTransducer
Event: 4.107 loading class com/sun/xml/internal/bind/v2/runtime/SchemaTypeTransducer done
Event: 4.107 loading class com/sun/xml/internal/bind/v2/runtime/LeafBeanInfoImpl
Event: 4.107 loading class com/sun/xml/internal/bind/v2/runtime/JaxBeanInfo
Event: 4.108 Executing VM operation: CollectForMetadataAllocation


Dynamic libraries:
0x00007ff67c520000 - 0x00007ff67c551000 	F:\Android Studio\jre\bin\java.exe
0x00007ffc3f970000 - 0x00007ffc3fb51000 	C:\WINDOWS\SYSTEM32\ntdll.dll
0x00007ffc3f680000 - 0x00007ffc3f732000 	C:\WINDOWS\System32\KERNEL32.DLL
0x00007ffc3be60000 - 0x00007ffc3c0d3000 	C:\WINDOWS\System32\KERNELBASE.dll
0x00007ffc3f5d0000 - 0x00007ffc3f671000 	C:\WINDOWS\System32\ADVAPI32.dll
0x00007ffc3e9e0000 - 0x00007ffc3ea7e000 	C:\WINDOWS\System32\msvcrt.dll
0x00007ffc3f200000 - 0x00007ffc3f25b000 	C:\WINDOWS\System32\sechost.dll
0x00007ffc3d470000 - 0x00007ffc3d594000 	C:\WINDOWS\System32\RPCRT4.dll
0x00007ffc3f740000 - 0x00007ffc3f8d0000 	C:\WINDOWS\System32\USER32.dll
0x00007ffc3bd40000 - 0x00007ffc3bd60000 	C:\WINDOWS\System32\win32u.dll
0x00007ffc3f5a0000 - 0x00007ffc3f5c8000 	C:\WINDOWS\System32\GDI32.dll
0x00007ffc3c0e0000 - 0x00007ffc3c272000 	C:\WINDOWS\System32\gdi32full.dll
0x00007ffc3c280000 - 0x00007ffc3c31f000 	C:\WINDOWS\System32\msvcp_win.dll
0x00007ffc3bd60000 - 0x00007ffc3be5a000 	C:\WINDOWS\System32\ucrtbase.dll
0x00007ffc2ff40000 - 0x00007ffc301a9000 	C:\WINDOWS\WinSxS\amd64_microsoft.windows.common-controls_6595b64144ccf1df_6.0.17134.165_none_fb429645306569ac\COMCTL32.dll
0x00007ffc3eed0000 - 0x00007ffc3f1f3000 	C:\WINDOWS\System32\combase.dll
0x00007ffc3cd80000 - 0x00007ffc3cdfa000 	C:\WINDOWS\System32\bcryptPrimitives.dll
0x00007ffc3f570000 - 0x00007ffc3f59d000 	C:\WINDOWS\System32\IMM32.DLL
0x0000000072ec0000 - 0x0000000072f92000 	F:\Android Studio\jre\jre\bin\msvcr100.dll
0x0000000075630000 - 0x0000000075e6f000 	F:\Android Studio\jre\jre\bin\server\jvm.dll
0x00007ffc3d460000 - 0x00007ffc3d468000 	C:\WINDOWS\System32\PSAPI.DLL
0x00007ffc2f300000 - 0x00007ffc2f309000 	C:\WINDOWS\SYSTEM32\WSOCK32.dll
0x00007ffc37460000 - 0x00007ffc37483000 	C:\WINDOWS\SYSTEM32\WINMM.dll
0x00007ffc37530000 - 0x00007ffc3753a000 	C:\WINDOWS\SYSTEM32\VERSION.dll
0x00007ffc3f8d0000 - 0x00007ffc3f93c000 	C:\WINDOWS\System32\WS2_32.dll
0x00007ffc37430000 - 0x00007ffc3745a000 	C:\WINDOWS\SYSTEM32\winmmbase.dll
0x00007ffc3cb40000 - 0x00007ffc3cb89000 	C:\WINDOWS\System32\cfgmgr32.dll
0x00007ffc38b50000 - 0x00007ffc38b5f000 	F:\Android Studio\jre\jre\bin\verify.dll
0x00007ffc2c1b0000 - 0x00007ffc2c1d9000 	F:\Android Studio\jre\jre\bin\java.dll
0x00007ffc37920000 - 0x00007ffc37936000 	F:\Android Studio\jre\jre\bin\zip.dll
0x00007ffc3d5a0000 - 0x00007ffc3e9e0000 	C:\WINDOWS\System32\SHELL32.dll
0x00007ffc3d040000 - 0x00007ffc3d0e9000 	C:\WINDOWS\System32\shcore.dll
0x00007ffc3c320000 - 0x00007ffc3ca2d000 	C:\WINDOWS\System32\windows.storage.dll
0x00007ffc3f410000 - 0x00007ffc3f461000 	C:\WINDOWS\System32\shlwapi.dll
0x00007ffc3bd00000 - 0x00007ffc3bd11000 	C:\WINDOWS\System32\kernel.appcore.dll
0x00007ffc3bce0000 - 0x00007ffc3bcff000 	C:\WINDOWS\System32\profapi.dll
0x00007ffc3bc90000 - 0x00007ffc3bcdc000 	C:\WINDOWS\System32\powrprof.dll
0x00007ffc3bc80000 - 0x00007ffc3bc8a000 	C:\WINDOWS\System32\FLTLIB.DLL
0x00007ffc37010000 - 0x00007ffc3702a000 	F:\Android Studio\jre\jre\bin\net.dll
0x00007ffc3b500000 - 0x00007ffc3b566000 	C:\WINDOWS\system32\mswsock.dll
0x00007ffc36f40000 - 0x00007ffc36f51000 	F:\Android Studio\jre\jre\bin\nio.dll
0x00007ffc20100000 - 0x00007ffc20112000 	C:\Users\Cyrus\.gradle\native\19\windows-amd64\native-platform.dll
0x00007ffc3b220000 - 0x00007ffc3b258000 	C:\WINDOWS\SYSTEM32\IPHLPAPI.DLL
0x00007ffc3f400000 - 0x00007ffc3f408000 	C:\WINDOWS\System32\NSI.dll
0x00007ffc35ed0000 - 0x00007ffc35ee6000 	C:\WINDOWS\SYSTEM32\dhcpcsvc6.DLL
0x00007ffc368b0000 - 0x00007ffc368ca000 	C:\WINDOWS\SYSTEM32\dhcpcsvc.DLL
0x00007ffc3b6b0000 - 0x00007ffc3b6c7000 	C:\WINDOWS\SYSTEM32\CRYPTSP.dll
0x00007ffc3b080000 - 0x00007ffc3b0b3000 	C:\WINDOWS\system32\rsaenh.dll
0x00007ffc3b7e0000 - 0x00007ffc3b805000 	C:\WINDOWS\SYSTEM32\bcrypt.dll
0x00007ffc3bbb0000 - 0x00007ffc3bbd8000 	C:\WINDOWS\SYSTEM32\USERENV.dll
0x00007ffc3b6d0000 - 0x00007ffc3b6db000 	C:\WINDOWS\SYSTEM32\CRYPTBASE.dll
0x00007ffc38420000 - 0x00007ffc3842d000 	F:\Android Studio\jre\jre\bin\management.dll

VM Arguments:
jvm_args: -XX:MaxPermSize=256m -XX:+HeapDumpOnOutOfMemoryError -Xmx1024m -Dfile.encoding=windows-1252 -Duser.country=US -Duser.language=en -Duser.variant 
java_command: org.gradle.launcher.daemon.bootstrap.GradleDaemon 2.10
java_class_path (initial): C:\Users\Cyrus\.gradle\wrapper\dists\gradle-2.10-all\a4w5fzrkeut1ox71xslb49gst\gradle-2.10\lib\gradle-launcher-2.10.jar
Launcher Type: SUN_STANDARD

Environment Variables:
PATH=C:\Program Files\NVIDIA GPU Computing Toolkit\CUDA\v9.0\bin;C:\Program Files\NVIDIA GPU Computing Toolkit\CUDA\v9.0\libnvvp;C:\Program Files\NVIDIA GPU Computing Toolkit\CUDA\v9.1\bin;C:\Program Files\NVIDIA GPU Computing Toolkit\CUDA\v9.1\libnvvp;C:\Program Files\Python36\Scripts\;C:\Program Files\Python36\;C:\ProgramData\Oracle\Java\javapath;C:\Program Files (x86)\Intel\iCLS Client\;C:\Program Files\Intel\iCLS Client\;C:\Windows\system32;C:\Windows;C:\Windows\System32\Wbem;C:\Windows\System32\WindowsPowerShell\v1.0\;C:\Program Files (x86)\Windows Live\Shared;C:\Program Files\Intel\Intel(R) Management Engine Components\DAL;C:\Program Files\Intel\Intel(R) Management Engine Components\IPT;C:\Program Files (x86)\Intel\Intel(R) Management Engine Components\DAL;C:\Program Files (x86)\Intel\Intel(R) Management Engine Components\IPT;C:\Program Files (x86)\NVIDIA Corporation\PhysX\Common;C:\WINDOWS\system32;C:\WINDOWS;C:\WINDOWS\System32\Wbem;C:\WINDOWS\System32\WindowsPowerShell\v1.0\;C:\Python27\;F:\Program Files\Git\cmd;F:\Anaconda3;F:\Anaconda3\Scripts;F:\cudnn\cuda\bin;C:\WINDOWS\system32;C:\WINDOWS;C:\WINDOWS\System32\Wbem;C:\WINDOWS\System32\WindowsPowerShell\v1.0\;C:\WINDOWS\System32\OpenSSH\;F:\sqlite;C:\Users\Cyrus\AppData\Local\Microsoft\WindowsApps;C:\Program Files (x86)\Java\jre1.8.0_131\bin;C:\gradle-4.3.1\bin;C:\Users\Cyrus\AppData\Local\GitHubDesktop\bin;%USERPROFILE%\AppData\Local\Microsoft\WindowsApps;
USERNAME=Cyrus
OS=Windows_NT
PROCESSOR_IDENTIFIER=Intel64 Family 6 Model 60 Stepping 3, GenuineIntel



---------------  S Y S T E M  ---------------

OS: Windows 10.0 , 64 bit Build 17134 (10.0.17134.1)

CPU:total 8 (initial active 8) (4 cores per cpu, 2 threads per core) family 6 model 60 stepping 3, cmov, cx8, fxsr, mmx, sse, sse2, sse3, ssse3, sse4.1, sse4.2, popcnt, avx, avx2, aes, clmul, erms, lzcnt, ht, tsc, tscinvbit, bmi1, bmi2

Memory: 4k page, physical 20887048k(2607708k free), swap 20887048k(6000k free)

vm_info: OpenJDK 64-Bit Server VM (25.152-b02) for windows-amd64 JRE (1.8.0_152-release-1024-b02), built by "builder" with MS VC++ 10.0 (VS2010)

time: Sat Jul 28 17:54:24 2018
elapsed time: 4 seconds (0d 0h 0m 4s)

