#
# There is insufficient memory for the Java Runtime Environment to continue.
# Native memory allocation (malloc) failed to allocate 1044256 bytes for Chunk::new
# Possible reasons:
#   The system is out of physical RAM or swap space
#   In 32 bit mode, the process size limit was hit
# Possible solutions:
#   Reduce memory load on the system
#   Increase physical memory or swap space
#   Check if swap backing store is full
#   Use 64 bit Java on a 64 bit OS
#   Decrease Java heap size (-Xmx/-Xms)
#   Decrease number of Java threads
#   Decrease Java thread stack sizes (-Xss)
#   Set larger code cache with -XX:ReservedCodeCacheSize=
# This output file may be truncated or incomplete.
#
#  Out of Memory Error (allocation.cpp:390), pid=25688, tid=0x00000000000008b4
#
# JRE version: OpenJDK Runtime Environment (8.0_152-b02) (build 1.8.0_152-release-1024-b02)
# Java VM: OpenJDK 64-Bit Server VM (25.152-b02 mixed mode windows-amd64 compressed oops)
# Failed to write core dump. Minidumps are not enabled by default on client versions of Windows
#

---------------  T H R E A D  ---------------

Current thread (0x00000000171e9800):  JavaThread "C2 CompilerThread0" daemon [_thread_in_native, id=2228, stack(0x00000000179b0000,0x0000000017ab0000)]

Stack: [0x00000000179b0000,0x0000000017ab0000]
[error occurred during error reporting (printing stack bounds), id 0xc0000005]

Native frames: (J=compiled Java code, j=interpreted, Vv=VM code, C=native code)


Current CompileTask:
C2:   3116 2166       4       com.android.dx.dex.code.DalvCode::finishProcessingIfNecessary (69 bytes)


---------------  P R O C E S S  ---------------

Java Threads: ( => current thread )
  0x0000000017263800 JavaThread "Service Thread" daemon [_thread_blocked, id=23688, stack(0x0000000017db0000,0x0000000017eb0000)]
  0x00000000152fa000 JavaThread "C1 CompilerThread3" daemon [_thread_blocked, id=23440, stack(0x0000000017cb0000,0x0000000017db0000)]
  0x00000000171ef000 JavaThread "C2 CompilerThread2" daemon [_thread_in_native, id=26100, stack(0x0000000017bb0000,0x0000000017cb0000)]
  0x00000000171ec800 JavaThread "C2 CompilerThread1" daemon [_thread_blocked, id=19064, stack(0x0000000017ab0000,0x0000000017bb0000)]
=>0x00000000171e9800 JavaThread "C2 CompilerThread0" daemon [_thread_in_native, id=2228, stack(0x00000000179b0000,0x0000000017ab0000)]
  0x00000000171e7800 JavaThread "Attach Listener" daemon [_thread_blocked, id=11492, stack(0x00000000178b0000,0x00000000179b0000)]
  0x00000000171f4000 JavaThread "Signal Dispatcher" daemon [_thread_blocked, id=22400, stack(0x00000000177b0000,0x00000000178b0000)]
  0x00000000027c9000 JavaThread "Finalizer" daemon [_thread_blocked, id=20624, stack(0x00000000175c0000,0x00000000176c0000)]
  0x00000000152eb800 JavaThread "Reference Handler" daemon [_thread_blocked, id=3400, stack(0x00000000170c0000,0x00000000171c0000)]
  0x000000000256e000 JavaThread "main" [_thread_in_native, id=23548, stack(0x0000000002570000,0x0000000002670000)]

Other Threads:
  0x00000000152e7000 VMThread [stack: 0x0000000016fc0000,0x00000000170c0000] [id=26356]
  0x0000000017258000 WatcherThread [stack: 0x0000000017eb0000,0x0000000017fb0000] [id=8]

VM state:not at safepoint (normal execution)

VM Mutex/Monitor currently owned by a thread: None

Heap:
 PSYoungGen      total 95744K, used 75721K [0x00000000eab00000, 0x00000000f6600000, 0x0000000100000000)
  eden space 82432K, 76% used [0x00000000eab00000,0x00000000ee8594e0,0x00000000efb80000)
  from space 13312K, 96% used [0x00000000efb80000,0x00000000f0819180,0x00000000f0880000)
  to   space 13312K, 0% used [0x00000000f5900000,0x00000000f5900000,0x00000000f6600000)
 ParOldGen       total 218624K, used 0K [0x00000000c0000000, 0x00000000cd580000, 0x00000000eab00000)
  object space 218624K, 0% used [0x00000000c0000000,0x00000000c0000000,0x00000000cd580000)
 Metaspace       used 7288K, capacity 7736K, committed 7936K, reserved 1056768K
  class space    used 667K, capacity 688K, committed 768K, reserved 1048576K

Card table byte_map: [0x0000000011b90000,0x0000000011da0000] byte_map_base: 0x0000000011590000

Marking Bits: (ParMarkBitMap*) 0x0000000075df4970
 Begin Bits: [0x0000000012700000, 0x0000000013700000)
 End Bits:   [0x0000000013700000, 0x0000000014700000)

Polling page: 0x0000000000c30000

CodeCache: size=245760Kb used=9219Kb max_used=9232Kb free=236540Kb
 bounds [0x00000000027d0000, 0x00000000030e0000, 0x00000000117d0000]
 total_blobs=2574 nmethods=2296 adapters=191
 compilation: enabled

Compilation events (10 events):
Event: 3.062 Thread 0x00000000152fa000 nmethod 2317 0x00000000030d4bd0 code [0x00000000030d4fe0, 0x00000000030d7c38]
Event: 3.067 Thread 0x00000000152fa000 2318   !   3       sun.misc.URLClassPath$JarLoader::ensureOpen (36 bytes)
Event: 3.068 Thread 0x00000000152fa000 nmethod 2318 0x00000000030cb390 code [0x00000000030cb520, 0x00000000030cb9f8]
Event: 3.068 Thread 0x00000000152fa000 2319       3       java.util.zip.ZipEntry::<init> (146 bytes)
Event: 3.068 Thread 0x00000000152fa000 nmethod 2319 0x00000000030cc3d0 code [0x00000000030cc560, 0x00000000030cc988]
Event: 3.068 Thread 0x00000000152fa000 2320   !   3       sun.misc.URLClassPath$JarLoader::checkResource (55 bytes)
Event: 3.069 Thread 0x00000000152fa000 nmethod 2320 0x00000000030cf310 code [0x00000000030cf4c0, 0x00000000030cfb28]
Event: 3.077 Thread 0x00000000171ec800 nmethod 2299% 0x00000000030cd050 code [0x00000000030cd1a0, 0x00000000030cdb18]
Event: 3.106 Thread 0x00000000152fa000 2321       1       java.util.zip.ZStreamRef::address (5 bytes)
Event: 3.106 Thread 0x00000000152fa000 nmethod 2321 0x00000000030caed0 code [0x00000000030cb020, 0x00000000030cb130]

GC Heap History (2 events):
Event: 2.179 GC heap before
{Heap before GC invocations=1 (full 0):
 PSYoungGen      total 95744K, used 82432K [0x00000000eab00000, 0x00000000f1580000, 0x0000000100000000)
  eden space 82432K, 100% used [0x00000000eab00000,0x00000000efb80000,0x00000000efb80000)
  from space 13312K, 0% used [0x00000000f0880000,0x00000000f0880000,0x00000000f1580000)
  to   space 13312K, 0% used [0x00000000efb80000,0x00000000efb80000,0x00000000f0880000)
 ParOldGen       total 218624K, used 0K [0x00000000c0000000, 0x00000000cd580000, 0x00000000eab00000)
  object space 218624K, 0% used [0x00000000c0000000,0x00000000c0000000,0x00000000cd580000)
 Metaspace       used 6298K, capacity 7088K, committed 7296K, reserved 1056768K
  class space    used 591K, capacity 616K, committed 640K, reserved 1048576K
Event: 2.207 GC heap after
Heap after GC invocations=1 (full 0):
 PSYoungGen      total 95744K, used 12900K [0x00000000eab00000, 0x00000000f6600000, 0x0000000100000000)
  eden space 82432K, 0% used [0x00000000eab00000,0x00000000eab00000,0x00000000efb80000)
  from space 13312K, 96% used [0x00000000efb80000,0x00000000f0819180,0x00000000f0880000)
  to   space 13312K, 0% used [0x00000000f5900000,0x00000000f5900000,0x00000000f6600000)
 ParOldGen       total 218624K, used 0K [0x00000000c0000000, 0x00000000cd580000, 0x00000000eab00000)
  object space 218624K, 0% used [0x00000000c0000000,0x00000000c0000000,0x00000000cd580000)
 Metaspace       used 6298K, capacity 7088K, committed 7296K, reserved 1056768K
  class space    used 591K, capacity 616K, committed 640K, reserved 1048576K
}

Deoptimization events (10 events):
Event: 2.656 Thread 0x000000000256e000 Uncommon trap: reason=unstable_if action=reinterpret pc=0x0000000002f322fc method=java.util.TreeMap.put(Ljava/lang/Object;Ljava/lang/Object;)Ljava/lang/Object; @ 163
Event: 2.736 Thread 0x000000000256e000 Uncommon trap: reason=unstable_if action=reinterpret pc=0x0000000002fae1c4 method=com.android.dx.dex.code.LocalList$MakeState.aboutToProcess(II)V @ 54
Event: 2.905 Thread 0x000000000256e000 Uncommon trap: reason=unstable_if action=reinterpret pc=0x0000000002ffa384 method=com.android.dx.util.ByteArrayAnnotatedOutput.writeByte(I)V @ 13
Event: 2.969 Thread 0x000000000256e000 Uncommon trap: reason=unstable_if action=reinterpret pc=0x000000000302843c method=com.android.dx.util.ByteArrayAnnotatedOutput.writeUleb128(I)I @ 4
Event: 2.969 Thread 0x000000000256e000 Uncommon trap: reason=unstable_if action=reinterpret pc=0x000000000301670c method=com.android.dx.util.ByteArrayAnnotatedOutput.writeByte(I)V @ 13
Event: 2.986 Thread 0x000000000256e000 Uncommon trap: reason=unstable_if action=reinterpret pc=0x0000000002a7eea4 method=java.lang.String.indexOf([CII[CIII)I @ 3
Event: 2.986 Thread 0x000000000256e000 Uncommon trap: reason=unstable_if action=reinterpret pc=0x0000000002a827c0 method=java.util.Arrays.copyOf([Ljava/lang/Object;ILjava/lang/Class;)[Ljava/lang/Object; @ 3
Event: 2.988 Thread 0x000000000256e000 Uncommon trap: reason=class_check action=maybe_recompile pc=0x0000000002effb0c method=java.util.HashMap.putVal(ILjava/lang/Object;Ljava/lang/Object;ZZ)Ljava/lang/Object; @ 56
Event: 2.992 Thread 0x000000000256e000 Uncommon trap: reason=class_check action=maybe_recompile pc=0x0000000002effb90 method=java.util.HashMap.putVal(ILjava/lang/Object;Ljava/lang/Object;ZZ)Ljava/lang/Object; @ 152
Event: 2.992 Thread 0x000000000256e000 Uncommon trap: reason=class_check action=maybe_recompile pc=0x0000000002effb0c method=java.util.HashMap.putVal(ILjava/lang/Object;Ljava/lang/Object;ZZ)Ljava/lang/Object; @ 56

Classes redefined (0 events):
No events

Internal exceptions (2 events):
Event: 0.086 Thread 0x000000000256e000 Exception <a 'java/lang/NoSuchMethodError': Method sun.misc.Unsafe.defineClass(Ljava/lang/String;[BII)Ljava/lang/Class; name or signature does not match> (0x00000000eab07ca8) thrown at [D:\src\AOSP-openjdk-cygwin\jdk8u\hotspot\src\share\vm\prims\jni.cpp, 
Event: 0.087 Thread 0x000000000256e000 Exception <a 'java/lang/NoSuchMethodError': Method sun.misc.Unsafe.prefetchRead(Ljava/lang/Object;J)V name or signature does not match> (0x00000000eab07f90) thrown at [D:\src\AOSP-openjdk-cygwin\jdk8u\hotspot\src\share\vm\prims\jni.cpp, line 4011]

Events (10 events):
Event: 3.074 loading class java/io/DataOutputStream
Event: 3.075 loading class java/io/DataOutput
Event: 3.075 loading class java/io/DataOutput done
Event: 3.075 loading class java/io/DataOutputStream done
Event: 3.075 loading class java/lang/StringCoding$StringEncoder
Event: 3.075 loading class java/lang/StringCoding$StringEncoder done
Event: 3.106 loading class java/util/Vector$Itr
Event: 3.106 loading class java/util/Vector$Itr done
Event: 3.107 loading class java/io/FileOutputStream$1
Event: 3.107 loading class java/io/FileOutputStream$1 done


Dynamic libraries:
0x00007ff67c520000 - 0x00007ff67c551000 	F:\Android Studio\jre\bin\java.exe
0x00007ffc3f970000 - 0x00007ffc3fb51000 	C:\WINDOWS\SYSTEM32\ntdll.dll
0x00007ffc3f680000 - 0x00007ffc3f732000 	C:\WINDOWS\System32\KERNEL32.DLL
0x00007ffc3be60000 - 0x00007ffc3c0d3000 	C:\WINDOWS\System32\KERNELBASE.dll
0x00007ffc3f5d0000 - 0x00007ffc3f671000 	C:\WINDOWS\System32\ADVAPI32.dll
0x00007ffc3e9e0000 - 0x00007ffc3ea7e000 	C:\WINDOWS\System32\msvcrt.dll
0x00007ffc3f200000 - 0x00007ffc3f25b000 	C:\WINDOWS\System32\sechost.dll
0x00007ffc3d470000 - 0x00007ffc3d594000 	C:\WINDOWS\System32\RPCRT4.dll
0x00007ffc3f740000 - 0x00007ffc3f8d0000 	C:\WINDOWS\System32\USER32.dll
0x00007ffc3bd40000 - 0x00007ffc3bd60000 	C:\WINDOWS\System32\win32u.dll
0x00007ffc3f5a0000 - 0x00007ffc3f5c8000 	C:\WINDOWS\System32\GDI32.dll
0x00007ffc3c0e0000 - 0x00007ffc3c272000 	C:\WINDOWS\System32\gdi32full.dll
0x00007ffc3c280000 - 0x00007ffc3c31f000 	C:\WINDOWS\System32\msvcp_win.dll
0x00007ffc3bd60000 - 0x00007ffc3be5a000 	C:\WINDOWS\System32\ucrtbase.dll
0x00007ffc2ff40000 - 0x00007ffc301a9000 	C:\WINDOWS\WinSxS\amd64_microsoft.windows.common-controls_6595b64144ccf1df_6.0.17134.165_none_fb429645306569ac\COMCTL32.dll
0x00007ffc3eed0000 - 0x00007ffc3f1f3000 	C:\WINDOWS\System32\combase.dll
0x00007ffc3cd80000 - 0x00007ffc3cdfa000 	C:\WINDOWS\System32\bcryptPrimitives.dll
0x00007ffc3f570000 - 0x00007ffc3f59d000 	C:\WINDOWS\System32\IMM32.DLL
0x0000000072ec0000 - 0x0000000072f92000 	F:\Android Studio\jre\jre\bin\msvcr100.dll
0x0000000075630000 - 0x0000000075e6f000 	F:\Android Studio\jre\jre\bin\server\jvm.dll
0x00007ffc3d460000 - 0x00007ffc3d468000 	C:\WINDOWS\System32\PSAPI.DLL
0x00007ffc2f300000 - 0x00007ffc2f309000 	C:\WINDOWS\SYSTEM32\WSOCK32.dll
0x00007ffc3f8d0000 - 0x00007ffc3f93c000 	C:\WINDOWS\System32\WS2_32.dll
0x00007ffc37460000 - 0x00007ffc37483000 	C:\WINDOWS\SYSTEM32\WINMM.dll
0x00007ffc37530000 - 0x00007ffc3753a000 	C:\WINDOWS\SYSTEM32\VERSION.dll
0x00007ffc37430000 - 0x00007ffc3745a000 	C:\WINDOWS\SYSTEM32\WINMMBASE.dll
0x00007ffc3cb40000 - 0x00007ffc3cb89000 	C:\WINDOWS\System32\cfgmgr32.dll
0x00007ffc38b50000 - 0x00007ffc38b5f000 	F:\Android Studio\jre\jre\bin\verify.dll
0x00007ffc2c1b0000 - 0x00007ffc2c1d9000 	F:\Android Studio\jre\jre\bin\java.dll
0x00007ffc37920000 - 0x00007ffc37936000 	F:\Android Studio\jre\jre\bin\zip.dll
0x00007ffc3d5a0000 - 0x00007ffc3e9e0000 	C:\WINDOWS\System32\SHELL32.dll
0x00007ffc3d040000 - 0x00007ffc3d0e9000 	C:\WINDOWS\System32\shcore.dll
0x00007ffc3c320000 - 0x00007ffc3ca2d000 	C:\WINDOWS\System32\windows.storage.dll
0x00007ffc3f410000 - 0x00007ffc3f461000 	C:\WINDOWS\System32\shlwapi.dll
0x00007ffc3bd00000 - 0x00007ffc3bd11000 	C:\WINDOWS\System32\kernel.appcore.dll
0x00007ffc3bce0000 - 0x00007ffc3bcff000 	C:\WINDOWS\System32\profapi.dll
0x00007ffc3bc90000 - 0x00007ffc3bcdc000 	C:\WINDOWS\System32\powrprof.dll
0x00007ffc3bc80000 - 0x00007ffc3bc8a000 	C:\WINDOWS\System32\FLTLIB.DLL

VM Arguments:
jvm_args: -Djava.awt.headless=true -Xmx1024M -Dfile.encoding=windows-1252 -Duser.country=US -Duser.language=en -Duser.variant 
java_command: com.android.dx.command.Main --dex --num-threads=4 --output D:\ud845-Pets-starting-point\ud845-Pets-starting-point\app\build\intermediates\pre-dexed\debug\internal_impl-24.1.1_35efa4364ab7224b93f6e058172b9be1320e4bb4.jar D:\ud845-Pets-starting-point\ud845-Pets-starting-point\app\build\intermediates\exploded-aar\com.android.support\support-v4\24.1.1\jars\libs\internal_impl-24.1.1.jar
java_class_path (initial): C:\Users\Cyrus\AppData\Local\Android\Sdk\build-tools\23.0.3\lib\dx.jar
Launcher Type: SUN_STANDARD

Environment Variables:
PATH=C:\Program Files\NVIDIA GPU Computing Toolkit\CUDA\v9.0\bin;C:\Program Files\NVIDIA GPU Computing Toolkit\CUDA\v9.0\libnvvp;C:\Program Files\NVIDIA GPU Computing Toolkit\CUDA\v9.1\bin;C:\Program Files\NVIDIA GPU Computing Toolkit\CUDA\v9.1\libnvvp;C:\Program Files\Python36\Scripts\;C:\Program Files\Python36\;C:\ProgramData\Oracle\Java\javapath;C:\Program Files (x86)\Intel\iCLS Client\;C:\Program Files\Intel\iCLS Client\;C:\Windows\system32;C:\Windows;C:\Windows\System32\Wbem;C:\Windows\System32\WindowsPowerShell\v1.0\;C:\Program Files (x86)\Windows Live\Shared;C:\Program Files\Intel\Intel(R) Management Engine Components\DAL;C:\Program Files\Intel\Intel(R) Management Engine Components\IPT;C:\Program Files (x86)\Intel\Intel(R) Management Engine Components\DAL;C:\Program Files (x86)\Intel\Intel(R) Management Engine Components\IPT;C:\Program Files (x86)\NVIDIA Corporation\PhysX\Common;C:\WINDOWS\system32;C:\WINDOWS;C:\WINDOWS\System32\Wbem;C:\WINDOWS\System32\WindowsPowerShell\v1.0\;C:\Python27\;F:\Program Files\Git\cmd;F:\Anaconda3;F:\Anaconda3\Scripts;F:\cudnn\cuda\bin;C:\WINDOWS\system32;C:\WINDOWS;C:\WINDOWS\System32\Wbem;C:\WINDOWS\System32\WindowsPowerShell\v1.0\;C:\WINDOWS\System32\OpenSSH\;F:\sqlite;C:\Users\Cyrus\AppData\Local\Microsoft\WindowsApps;C:\Program Files (x86)\Java\jre1.8.0_131\bin;C:\gradle-4.3.1\bin;C:\Users\Cyrus\AppData\Local\GitHubDesktop\bin;%USERPROFILE%\AppData\Local\Microsoft\WindowsApps;
USERNAME=Cyrus
OS=Windows_NT
PROCESSOR_IDENTIFIER=Intel64 Family 6 Model 60 Stepping 3, GenuineIntel



---------------  S Y S T E M  ---------------

OS: Windows 10.0 , 64 bit Build 17134 (10.0.17134.1)

CPU:total 8 (initial active 8) (4 cores per cpu, 2 threads per core) family 6 model 60 stepping 3, cmov, cx8, fxsr, mmx, sse, sse2, sse3, ssse3, sse4.1, sse4.2, popcnt, avx, avx2, aes, clmul, erms, lzcnt, ht, tsc, tscinvbit, bmi1, bmi2

Memory: 4k page, physical 20887048k(3144416k free), swap 20887048k(3112k free)

vm_info: OpenJDK 64-Bit Server VM (25.152-b02) for windows-amd64 JRE (1.8.0_152-release-1024-b02), built by "builder" with MS VC++ 10.0 (VS2010)

time: Sat Jul 28 18:00:44 2018
elapsed time: 3 seconds (0d 0h 0m 3s)

