#
# There is insufficient memory for the Java Runtime Environment to continue.
# Native memory allocation (malloc) failed to allocate 1048576 bytes for AllocateHeap
# Possible reasons:
#   The system is out of physical RAM or swap space
#   In 32 bit mode, the process size limit was hit
# Possible solutions:
#   Reduce memory load on the system
#   Increase physical memory or swap space
#   Check if swap backing store is full
#   Use 64 bit Java on a 64 bit OS
#   Decrease Java heap size (-Xmx/-Xms)
#   Decrease number of Java threads
#   Decrease Java thread stack sizes (-Xss)
#   Set larger code cache with -XX:ReservedCodeCacheSize=
# This output file may be truncated or incomplete.
#
#  Out of Memory Error (memory/allocation.inline.hpp:61), pid=25308, tid=0x00000000000061f8
#
# JRE version:  (8.0_152-b02) (build )
# Java VM: OpenJDK 64-Bit Server VM (25.152-b02 mixed mode windows-amd64 compressed oops)
# Failed to write core dump. Minidumps are not enabled by default on client versions of Windows
#

---------------  T H R E A D  ---------------

Current thread (0x000000000247e000):  JavaThread "Unknown thread" [_thread_in_vm, id=25080, stack(0x0000000002350000,0x0000000002450000)]

Stack: [0x0000000002350000,0x0000000002450000]
[error occurred during error reporting (printing stack bounds), id 0xc0000005]

Native frames: (J=compiled Java code, j=interpreted, Vv=VM code, C=native code)


---------------  P R O C E S S  ---------------

Java Threads: ( => current thread )

Other Threads:

=>0x000000000247e000 (exited) JavaThread "Unknown thread" [_thread_in_vm, id=25080, stack(0x0000000002350000,0x0000000002450000)]

VM state:not at safepoint (normal execution)

VM Mutex/Monitor currently owned by a thread: None

Heap:
 PSYoungGen      total 95744K, used 1648K [0x00000000eab00000, 0x00000000f1580000, 0x0000000100000000)
  eden space 82432K, 2% used [0x00000000eab00000,0x00000000eac9c298,0x00000000efb80000)
  from space 13312K, 0% used [0x00000000f0880000,0x00000000f0880000,0x00000000f1580000)
  to   space 13312K, 0% used [0x00000000efb80000,0x00000000efb80000,0x00000000f0880000)
 ParOldGen       total 218624K, used 0K [0x00000000c0000000, 0x00000000cd580000, 0x00000000eab00000)
  object space 218624K, 0% used [0x00000000c0000000,0x00000000c0000000,0x00000000cd580000)
 Metaspace       used 772K, capacity 4480K, committed 4480K, reserved 1056768K
  class space    used 73K, capacity 384K, committed 384K, reserved 1048576K

Card table byte_map: [0x0000000011940000,0x0000000011b50000] byte_map_base: 0x0000000011340000

Marking Bits: (ParMarkBitMap*) 0x0000000075df4970
 Begin Bits: [0x00000000124b0000, 0x00000000134b0000)
 End Bits:   [0x00000000134b0000, 0x00000000144b0000)

Polling page: 0x00000000001f0000

CodeCache: size=245760Kb used=328Kb max_used=328Kb free=245431Kb
 bounds [0x0000000002580000, 0x00000000027f0000, 0x0000000011580000]
 total_blobs=57 nmethods=0 adapters=38
 compilation: enabled

Compilation events (0 events):
No events

GC Heap History (0 events):
No events

Deoptimization events (0 events):
No events

Classes redefined (0 events):
No events

Internal exceptions (0 events):
No events

Events (10 events):
Event: 0.029 loading class java/lang/Short
Event: 0.029 loading class java/lang/Short done
Event: 0.029 loading class java/lang/Integer
Event: 0.029 loading class java/lang/Integer done
Event: 0.029 loading class java/lang/Long
Event: 0.029 loading class java/lang/Long done
Event: 0.030 loading class java/lang/NullPointerException
Event: 0.030 loading class java/lang/NullPointerException done
Event: 0.030 loading class java/lang/ArithmeticException
Event: 0.030 loading class java/lang/ArithmeticException done


Dynamic libraries:
0x00007ff67c520000 - 0x00007ff67c551000 	F:\Android Studio\jre\bin\java.exe
0x00007ffc3f970000 - 0x00007ffc3fb51000 	C:\WINDOWS\SYSTEM32\ntdll.dll
0x00007ffc3f680000 - 0x00007ffc3f732000 	C:\WINDOWS\System32\KERNEL32.DLL
0x00007ffc3be60000 - 0x00007ffc3c0d3000 	C:\WINDOWS\System32\KERNELBASE.dll
0x00007ffc3f5d0000 - 0x00007ffc3f671000 	C:\WINDOWS\System32\ADVAPI32.dll
0x00007ffc3e9e0000 - 0x00007ffc3ea7e000 	C:\WINDOWS\System32\msvcrt.dll
0x00007ffc3f200000 - 0x00007ffc3f25b000 	C:\WINDOWS\System32\sechost.dll
0x00007ffc3d470000 - 0x00007ffc3d594000 	C:\WINDOWS\System32\RPCRT4.dll
0x00007ffc3f740000 - 0x00007ffc3f8d0000 	C:\WINDOWS\System32\USER32.dll
0x00007ffc3bd40000 - 0x00007ffc3bd60000 	C:\WINDOWS\System32\win32u.dll
0x00007ffc3f5a0000 - 0x00007ffc3f5c8000 	C:\WINDOWS\System32\GDI32.dll
0x00007ffc3c0e0000 - 0x00007ffc3c272000 	C:\WINDOWS\System32\gdi32full.dll
0x00007ffc3c280000 - 0x00007ffc3c31f000 	C:\WINDOWS\System32\msvcp_win.dll
0x00007ffc3bd60000 - 0x00007ffc3be5a000 	C:\WINDOWS\System32\ucrtbase.dll
0x00007ffc2ff40000 - 0x00007ffc301a9000 	C:\WINDOWS\WinSxS\amd64_microsoft.windows.common-controls_6595b64144ccf1df_6.0.17134.165_none_fb429645306569ac\COMCTL32.dll
0x00007ffc3eed0000 - 0x00007ffc3f1f3000 	C:\WINDOWS\System32\combase.dll
0x00007ffc3cd80000 - 0x00007ffc3cdfa000 	C:\WINDOWS\System32\bcryptPrimitives.dll
0x00007ffc3f570000 - 0x00007ffc3f59d000 	C:\WINDOWS\System32\IMM32.DLL
0x0000000072ec0000 - 0x0000000072f92000 	F:\Android Studio\jre\jre\bin\msvcr100.dll
0x0000000075630000 - 0x0000000075e6f000 	F:\Android Studio\jre\jre\bin\server\jvm.dll
0x00007ffc3d460000 - 0x00007ffc3d468000 	C:\WINDOWS\System32\PSAPI.DLL
0x00007ffc2f300000 - 0x00007ffc2f309000 	C:\WINDOWS\SYSTEM32\WSOCK32.dll
0x00007ffc3f8d0000 - 0x00007ffc3f93c000 	C:\WINDOWS\System32\WS2_32.dll
0x00007ffc37460000 - 0x00007ffc37483000 	C:\WINDOWS\SYSTEM32\WINMM.dll
0x00007ffc37530000 - 0x00007ffc3753a000 	C:\WINDOWS\SYSTEM32\VERSION.dll
0x00007ffc37430000 - 0x00007ffc3745a000 	C:\WINDOWS\SYSTEM32\winmmbase.dll
0x00007ffc3cb40000 - 0x00007ffc3cb89000 	C:\WINDOWS\System32\cfgmgr32.dll
0x00007ffc38b50000 - 0x00007ffc38b5f000 	F:\Android Studio\jre\jre\bin\verify.dll
0x00007ffc2c1b0000 - 0x00007ffc2c1d9000 	F:\Android Studio\jre\jre\bin\java.dll
0x00007ffc37920000 - 0x00007ffc37936000 	F:\Android Studio\jre\jre\bin\zip.dll

VM Arguments:
jvm_args: -Djava.awt.headless=true -Xmx1024M -Dfile.encoding=windows-1252 -Duser.country=US -Duser.language=en -Duser.variant 
java_command: com.android.dx.command.Main --dex --num-threads=4 --output D:\ud845-Pets-starting-point\ud845-Pets-starting-point\app\build\intermediates\pre-dexed\debug\com.android.support-design-24.1.1_5bdd612d23d2145f577c8ad5bab1dcc19d034510.jar D:\ud845-Pets-starting-point\ud845-Pets-starting-point\app\build\intermediates\exploded-aar\com.android.support\design\24.1.1\jars\classes.jar
java_class_path (initial): C:\Users\Cyrus\AppData\Local\Android\Sdk\build-tools\23.0.3\lib\dx.jar
Launcher Type: SUN_STANDARD

Environment Variables:
PATH=C:\Program Files\NVIDIA GPU Computing Toolkit\CUDA\v9.0\bin;C:\Program Files\NVIDIA GPU Computing Toolkit\CUDA\v9.0\libnvvp;C:\Program Files\NVIDIA GPU Computing Toolkit\CUDA\v9.1\bin;C:\Program Files\NVIDIA GPU Computing Toolkit\CUDA\v9.1\libnvvp;C:\Program Files\Python36\Scripts\;C:\Program Files\Python36\;C:\ProgramData\Oracle\Java\javapath;C:\Program Files (x86)\Intel\iCLS Client\;C:\Program Files\Intel\iCLS Client\;C:\Windows\system32;C:\Windows;C:\Windows\System32\Wbem;C:\Windows\System32\WindowsPowerShell\v1.0\;C:\Program Files (x86)\Windows Live\Shared;C:\Program Files\Intel\Intel(R) Management Engine Components\DAL;C:\Program Files\Intel\Intel(R) Management Engine Components\IPT;C:\Program Files (x86)\Intel\Intel(R) Management Engine Components\DAL;C:\Program Files (x86)\Intel\Intel(R) Management Engine Components\IPT;C:\Program Files (x86)\NVIDIA Corporation\PhysX\Common;C:\WINDOWS\system32;C:\WINDOWS;C:\WINDOWS\System32\Wbem;C:\WINDOWS\System32\WindowsPowerShell\v1.0\;C:\Python27\;F:\Program Files\Git\cmd;F:\Anaconda3;F:\Anaconda3\Scripts;F:\cudnn\cuda\bin;C:\WINDOWS\system32;C:\WINDOWS;C:\WINDOWS\System32\Wbem;C:\WINDOWS\System32\WindowsPowerShell\v1.0\;C:\WINDOWS\System32\OpenSSH\;F:\sqlite;C:\Users\Cyrus\AppData\Local\Microsoft\WindowsApps;C:\Program Files (x86)\Java\jre1.8.0_131\bin;C:\gradle-4.3.1\bin;C:\Users\Cyrus\AppData\Local\GitHubDesktop\bin;%USERPROFILE%\AppData\Local\Microsoft\WindowsApps;
USERNAME=Cyrus
OS=Windows_NT
PROCESSOR_IDENTIFIER=Intel64 Family 6 Model 60 Stepping 3, GenuineIntel



---------------  S Y S T E M  ---------------

OS: Windows 10.0 , 64 bit Build 17134 (10.0.17134.1)

CPU:total 8 (initial active 8) (4 cores per cpu, 2 threads per core) family 6 model 60 stepping 3, cmov, cx8, fxsr, mmx, sse, sse2, sse3, ssse3, sse4.1, sse4.2, popcnt, avx, avx2, aes, clmul, erms, lzcnt, ht, tsc, tscinvbit, bmi1, bmi2

Memory: 4k page, physical 20887048k(4175796k free), swap 20887048k(5348k free)

vm_info: OpenJDK 64-Bit Server VM (25.152-b02) for windows-amd64 JRE (1.8.0_152-release-1024-b02), built by "builder" with MS VC++ 10.0 (VS2010)

time: Sat Jul 28 18:00:40 2018
elapsed time: 0 seconds (0d 0h 0m 0s)

